<?xml version="1.0" encoding="UTF-8"?>
<robot generator="Robot 7.3 (Python 3.11.5 on win32)" generated="2025-06-10T16:12:18.033785" rpa="false" schemaversion="5">
<suite id="s1" name="Unitarios" source="C:\Users\vitor\Documents\GitHub\Seminario-C214\tests\unitarios">
<suite id="s1-s1" name="Testes Auxiliares" source="C:\Users\vitor\Documents\GitHub\Seminario-C214\tests\unitarios\testes_auxiliares.robot">
<test id="s1-s1-t1" name="Validar Nome Correto" line="9">
<kw name="Validar Nome" owner="lib_robot">
<msg time="2025-06-10T16:12:18.102179" level="INFO">${resultado} = True</msg>
<var>${resultado}</var>
<arg>Produto X</arg>
<status status="PASS" start="2025-06-10T16:12:18.102179" elapsed="0.000000"/>
</kw>
<kw name="Should Be True" owner="BuiltIn">
<arg>${resultado}</arg>
<doc>Fails if the given condition is not true.</doc>
<status status="PASS" start="2025-06-10T16:12:18.103178" elapsed="0.000000"/>
</kw>
<status status="PASS" start="2025-06-10T16:12:18.099179" elapsed="0.005007"/>
</test>
<test id="s1-s1-t2" name="Validar Preço Correto" line="13">
<kw name="Evaluate" owner="BuiltIn">
<msg time="2025-06-10T16:12:18.106848" level="INFO">${preco} = 100.5</msg>
<var>${preco}</var>
<arg>100.5</arg>
<doc>Evaluates the given expression in Python and returns the result.</doc>
<status status="PASS" start="2025-06-10T16:12:18.106848" elapsed="0.000000"/>
</kw>
<kw name="Validar Preco" owner="lib_robot">
<msg time="2025-06-10T16:12:18.107988" level="INFO">${resultado} = True</msg>
<var>${resultado}</var>
<arg>${preco}</arg>
<status status="PASS" start="2025-06-10T16:12:18.107988" elapsed="0.000000"/>
</kw>
<kw name="Should Be True" owner="BuiltIn">
<arg>${resultado}</arg>
<doc>Fails if the given condition is not true.</doc>
<status status="PASS" start="2025-06-10T16:12:18.108620" elapsed="0.000000"/>
</kw>
<status status="PASS" start="2025-06-10T16:12:18.105179" elapsed="0.003441"/>
</test>
<test id="s1-s1-t3" name="Validar Quantidade Correta" line="18">
<kw name="Evaluate" owner="BuiltIn">
<msg time="2025-06-10T16:12:18.110632" level="INFO">${quantidade} = 10</msg>
<var>${quantidade}</var>
<arg>10</arg>
<doc>Evaluates the given expression in Python and returns the result.</doc>
<status status="PASS" start="2025-06-10T16:12:18.110632" elapsed="0.000000"/>
</kw>
<kw name="Validar Quantidade" owner="lib_robot">
<msg time="2025-06-10T16:12:18.111634" level="INFO">${resultado} = True</msg>
<var>${resultado}</var>
<arg>${quantidade}</arg>
<status status="PASS" start="2025-06-10T16:12:18.111634" elapsed="0.000000"/>
</kw>
<kw name="Should Be True" owner="BuiltIn">
<arg>${resultado}</arg>
<doc>Fails if the given condition is not true.</doc>
<status status="PASS" start="2025-06-10T16:12:18.111634" elapsed="0.001035"/>
</kw>
<status status="PASS" start="2025-06-10T16:12:18.109633" elapsed="0.003036"/>
</test>
<test id="s1-s1-t4" name="Criar Produto Válido" line="23">
<kw name="Evaluate" owner="BuiltIn">
<msg time="2025-06-10T16:12:18.114632" level="INFO">${preco} = 200.0</msg>
<var>${preco}</var>
<arg>200.0</arg>
<doc>Evaluates the given expression in Python and returns the result.</doc>
<status status="PASS" start="2025-06-10T16:12:18.114632" elapsed="0.000000"/>
</kw>
<kw name="Evaluate" owner="BuiltIn">
<msg time="2025-06-10T16:12:18.115632" level="INFO">${quantidade} = 10</msg>
<var>${quantidade}</var>
<arg>10</arg>
<doc>Evaluates the given expression in Python and returns the result.</doc>
<status status="PASS" start="2025-06-10T16:12:18.115632" elapsed="0.000000"/>
</kw>
<kw name="Criar Produto Valido" owner="lib_robot">
<msg time="2025-06-10T16:12:18.115632" level="INFO">${resultado} = True</msg>
<var>${resultado}</var>
<arg>Produto X</arg>
<arg>Tipo A</arg>
<arg>Marca Y</arg>
<arg>Modelo 1</arg>
<arg>${preco}</arg>
<arg>${quantidade}</arg>
<status status="PASS" start="2025-06-10T16:12:18.115632" elapsed="0.000000"/>
</kw>
<kw name="Should Be True" owner="BuiltIn">
<arg>${resultado}</arg>
<doc>Fails if the given condition is not true.</doc>
<status status="PASS" start="2025-06-10T16:12:18.116673" elapsed="0.000972"/>
</kw>
<status status="PASS" start="2025-06-10T16:12:18.113634" elapsed="0.004011"/>
</test>
<test id="s1-s1-t5" name="Calcular Total Estoque" line="29">
<kw name="Evaluate" owner="BuiltIn">
<msg time="2025-06-10T16:12:18.121674" level="INFO">${p1} = {'quantidade_estoque': 5}</msg>
<var>${p1}</var>
<arg>{"quantidade_estoque": 5}</arg>
<doc>Evaluates the given expression in Python and returns the result.</doc>
<status status="PASS" start="2025-06-10T16:12:18.121674" elapsed="0.000996"/>
</kw>
<kw name="Evaluate" owner="BuiltIn">
<msg time="2025-06-10T16:12:18.122670" level="INFO">${p2} = {'quantidade_estoque': 10}</msg>
<var>${p2}</var>
<arg>{"quantidade_estoque": 10}</arg>
<doc>Evaluates the given expression in Python and returns the result.</doc>
<status status="PASS" start="2025-06-10T16:12:18.122670" elapsed="0.000000"/>
</kw>
<kw name="Create List" owner="BuiltIn">
<msg time="2025-06-10T16:12:18.123669" level="INFO">${produtos} = [{'quantidade_estoque': 5}, {'quantidade_estoque': 10}]</msg>
<var>${produtos}</var>
<arg>${p1}</arg>
<arg>${p2}</arg>
<doc>Returns a list containing given items.</doc>
<status status="PASS" start="2025-06-10T16:12:18.122670" elapsed="0.000999"/>
</kw>
<kw name="Calcular Total Estoque" owner="lib_robot">
<msg time="2025-06-10T16:12:18.123669" level="INFO">${resultado} = 15</msg>
<var>${resultado}</var>
<arg>${produtos}</arg>
<status status="PASS" start="2025-06-10T16:12:18.123669" elapsed="0.000000"/>
</kw>
<kw name="Should Be Equal As Integers" owner="BuiltIn">
<msg time="2025-06-10T16:12:18.124632" level="INFO">Argument types are:
&lt;class 'int'&gt;
&lt;class 'str'&gt;</msg>
<arg>${resultado}</arg>
<arg>15</arg>
<doc>Fails if objects are unequal after converting them to integers.</doc>
<status status="PASS" start="2025-06-10T16:12:18.124632" elapsed="0.000000"/>
</kw>
<status status="PASS" start="2025-06-10T16:12:18.120632" elapsed="0.004000"/>
</test>
<test id="s1-s1-t6" name="Verificar Peças Necessárias Presentes" line="36">
<kw name="Verificar Pecas Necessarias" owner="lib_robot">
<msg time="2025-06-10T16:12:18.126632" level="INFO">${resultado} = True</msg>
<var>${resultado}</var>
<arg>["CPU", "RAM", "HD"]</arg>
<arg>["CPU", "HD"]</arg>
<status status="PASS" start="2025-06-10T16:12:18.126632" elapsed="0.000000"/>
</kw>
<kw name="Should Be True" owner="BuiltIn">
<arg>${resultado}</arg>
<doc>Fails if the given condition is not true.</doc>
<status status="PASS" start="2025-06-10T16:12:18.127631" elapsed="0.000000"/>
</kw>
<status status="PASS" start="2025-06-10T16:12:18.125635" elapsed="0.001996"/>
</test>
<test id="s1-s1-t7" name="Montar Computador com Estoque" line="40">
<kw name="Evaluate" owner="BuiltIn">
<msg time="2025-06-10T16:12:18.129959" level="INFO">${estoque} = {'CPU': 1, 'RAM': 1}</msg>
<var>${estoque}</var>
<arg>{"CPU": 1, "RAM": 1}</arg>
<arg>modules=builtins</arg>
<doc>Evaluates the given expression in Python and returns the result.</doc>
<status status="PASS" start="2025-06-10T16:12:18.129959" elapsed="0.000000"/>
</kw>
<kw name="Montar Computador" owner="lib_robot">
<msg time="2025-06-10T16:12:18.130801" level="INFO">${resultado} = False</msg>
<var>${resultado}</var>
<arg>${estoque}</arg>
<arg>["CPU", "RAM"]</arg>
<status status="PASS" start="2025-06-10T16:12:18.130801" elapsed="0.000000"/>
</kw>
<kw name="Should Be True" owner="BuiltIn">
<msg time="2025-06-10T16:12:18.131296" level="FAIL">'False' should be true.</msg>
<arg>${resultado}</arg>
<doc>Fails if the given condition is not true.</doc>
<status status="FAIL" start="2025-06-10T16:12:18.131296" elapsed="0.000000">'False' should be true.</status>
</kw>
<status status="FAIL" start="2025-06-10T16:12:18.128632" elapsed="0.002664">'False' should be true.</status>
</test>
<test id="s1-s1-t8" name="Pode Realizar Venda" line="45">
<kw name="Create Dictionary" owner="BuiltIn">
<msg time="2025-06-10T16:12:18.136311" level="INFO">${estoque} = {'Mouse': '5'}</msg>
<var>${estoque}</var>
<arg>Mouse=5</arg>
<doc>Creates and returns a dictionary based on the given ``items``.</doc>
<status status="PASS" start="2025-06-10T16:12:18.136311" elapsed="0.000000"/>
</kw>
<kw name="Pode Realizar Venda" owner="lib_robot">
<msg time="2025-06-10T16:12:18.137311" level="INFO">${resultado} = True</msg>
<var>${resultado}</var>
<arg>${estoque}</arg>
<arg>Mouse</arg>
<arg>3</arg>
<status status="PASS" start="2025-06-10T16:12:18.136311" elapsed="0.001000"/>
</kw>
<kw name="Should Be True" owner="BuiltIn">
<arg>${resultado}</arg>
<doc>Fails if the given condition is not true.</doc>
<status status="PASS" start="2025-06-10T16:12:18.137311" elapsed="0.000000"/>
</kw>
<status status="PASS" start="2025-06-10T16:12:18.134632" elapsed="0.002679"/>
</test>
<test id="s1-s1-t9" name="Registrar Venda Válida" line="50">
<kw name="Evaluate" owner="BuiltIn">
<msg time="2025-06-10T16:12:18.141351" level="INFO">${estoque} = {'Teclado': 10}</msg>
<var>${estoque}</var>
<arg>{"Teclado": 10}</arg>
<arg>modules=builtins</arg>
<doc>Evaluates the given expression in Python and returns the result.</doc>
<status status="PASS" start="2025-06-10T16:12:18.140491" elapsed="0.000860"/>
</kw>
<kw name="Evaluate" owner="BuiltIn">
<msg time="2025-06-10T16:12:18.142345" level="INFO">${quantidade} = 3</msg>
<var>${quantidade}</var>
<arg>3</arg>
<arg>modules=builtins</arg>
<doc>Evaluates the given expression in Python and returns the result.</doc>
<status status="PASS" start="2025-06-10T16:12:18.141351" elapsed="0.000994"/>
</kw>
<kw name="Registrar Venda" owner="lib_robot">
<msg time="2025-06-10T16:12:18.142345" level="INFO">${resultado} = {'Teclado': 7}</msg>
<var>${resultado}</var>
<arg>${estoque}</arg>
<arg>Teclado</arg>
<arg>${quantidade}</arg>
<status status="PASS" start="2025-06-10T16:12:18.142345" elapsed="0.000000"/>
</kw>
<kw name="Dictionary Should Contain Value">
<msg time="2025-06-10T16:12:18.143344" level="FAIL">No keyword with name 'Dictionary Should Contain Value' found.</msg>
<arg>${resultado}</arg>
<arg>7</arg>
<status status="FAIL" start="2025-06-10T16:12:18.143344" elapsed="0.001000">No keyword with name 'Dictionary Should Contain Value' found.</status>
</kw>
<status status="FAIL" start="2025-06-10T16:12:18.139307" elapsed="0.005037">No keyword with name 'Dictionary Should Contain Value' found.</status>
</test>
<test id="s1-s1-t10" name="Verificar Peças Necessárias Ausentes (Negativo Esperado)" line="56">
<kw name="Verificar Pecas Necessarias" owner="lib_robot">
<msg time="2025-06-10T16:12:18.147321" level="INFO">${resultado} = False</msg>
<var>${resultado}</var>
<arg>["CPU", "RAM"]</arg>
<arg>["CPU", "GPU"]</arg>
<status status="PASS" start="2025-06-10T16:12:18.147321" elapsed="0.000000"/>
</kw>
<kw name="Should Be True" owner="BuiltIn">
<arg>not ${resultado}</arg>
<doc>Fails if the given condition is not true.</doc>
<status status="PASS" start="2025-06-10T16:12:18.148150" elapsed="0.000000"/>
</kw>
<status status="PASS" start="2025-06-10T16:12:18.146308" elapsed="0.001842"/>
</test>
<test id="s1-s1-t11" name="Nome Inválido Vazio" line="61">
<kw name="Nome Invalido" owner="lib_robot">
<msg time="2025-06-10T16:12:18.152231" level="INFO">${resultado} = True</msg>
<var>${resultado}</var>
<arg>${EMPTY}</arg>
<status status="PASS" start="2025-06-10T16:12:18.152231" elapsed="0.000000"/>
</kw>
<kw name="Should Be True" owner="BuiltIn">
<arg>${resultado}</arg>
<doc>Fails if the given condition is not true.</doc>
<status status="PASS" start="2025-06-10T16:12:18.153242" elapsed="0.000000"/>
</kw>
<status status="PASS" start="2025-06-10T16:12:18.149161" elapsed="0.004081"/>
</test>
<test id="s1-s1-t12" name="Nome Inválido Tipo Errado" line="65">
<kw name="Evaluate" owner="BuiltIn">
<msg time="2025-06-10T16:12:18.156244" level="INFO">${valor} = 123</msg>
<var>${valor}</var>
<arg>123</arg>
<doc>Evaluates the given expression in Python and returns the result.</doc>
<status status="PASS" start="2025-06-10T16:12:18.156244" elapsed="0.000000"/>
</kw>
<kw name="Nome Invalido" owner="lib_robot">
<msg time="2025-06-10T16:12:18.157243" level="INFO">${resultado} = True</msg>
<var>${resultado}</var>
<arg>${valor}</arg>
<status status="PASS" start="2025-06-10T16:12:18.157243" elapsed="0.000000"/>
</kw>
<kw name="Should Be True" owner="BuiltIn">
<arg>${resultado}</arg>
<doc>Fails if the given condition is not true.</doc>
<status status="PASS" start="2025-06-10T16:12:18.157243" elapsed="0.000000"/>
</kw>
<status status="PASS" start="2025-06-10T16:12:18.154244" elapsed="0.003999"/>
</test>
<test id="s1-s1-t13" name="Preço Inválido Negativo" line="70">
<kw name="Preco Invalido" owner="lib_robot">
<msg time="2025-06-10T16:12:18.160247" level="INFO">${resultado} = True</msg>
<var>${resultado}</var>
<arg>-10.5</arg>
<status status="PASS" start="2025-06-10T16:12:18.160247" elapsed="0.000000"/>
</kw>
<kw name="Should Be True" owner="BuiltIn">
<arg>${resultado}</arg>
<doc>Fails if the given condition is not true.</doc>
<status status="PASS" start="2025-06-10T16:12:18.160247" elapsed="0.000000"/>
</kw>
<status status="PASS" start="2025-06-10T16:12:18.159244" elapsed="0.002039"/>
</test>
<test id="s1-s1-t14" name="Preço Inválido Tipo Errado" line="74">
<kw name="Preco Invalido" owner="lib_robot">
<msg time="2025-06-10T16:12:18.163245" level="INFO">${resultado} = True</msg>
<var>${resultado}</var>
<arg>abc</arg>
<status status="PASS" start="2025-06-10T16:12:18.163245" elapsed="0.000000"/>
</kw>
<kw name="Should Be True" owner="BuiltIn">
<arg>${resultado}</arg>
<doc>Fails if the given condition is not true.</doc>
<status status="PASS" start="2025-06-10T16:12:18.163245" elapsed="0.001036"/>
</kw>
<status status="PASS" start="2025-06-10T16:12:18.162244" elapsed="0.002037"/>
</test>
<test id="s1-s1-t15" name="Quantidade Inválida Negativa" line="78">
<kw name="Quantidade Invalida" owner="lib_robot">
<msg time="2025-06-10T16:12:18.168258" level="INFO">${resultado} = True</msg>
<var>${resultado}</var>
<arg>-1</arg>
<status status="PASS" start="2025-06-10T16:12:18.166315" elapsed="0.001943"/>
</kw>
<kw name="Should Be True" owner="BuiltIn">
<arg>${resultado}</arg>
<doc>Fails if the given condition is not true.</doc>
<status status="PASS" start="2025-06-10T16:12:18.168258" elapsed="0.000000"/>
</kw>
<status status="PASS" start="2025-06-10T16:12:18.165242" elapsed="0.004001"/>
</test>
<test id="s1-s1-t16" name="Quantidade Inválida Tipo Errado" line="82">
<kw name="Quantidade Invalida" owner="lib_robot">
<msg time="2025-06-10T16:12:18.171649" level="INFO">${resultado} = True</msg>
<var>${resultado}</var>
<arg>Dois</arg>
<status status="PASS" start="2025-06-10T16:12:18.170648" elapsed="0.001001"/>
</kw>
<kw name="Should Be True" owner="BuiltIn">
<arg>${resultado}</arg>
<doc>Fails if the given condition is not true.</doc>
<status status="PASS" start="2025-06-10T16:12:18.171649" elapsed="0.000000"/>
</kw>
<status status="PASS" start="2025-06-10T16:12:18.170648" elapsed="0.001999"/>
</test>
<test id="s1-s1-t17" name="Montar Computador com Peças Faltando" line="86">
<kw name="Create Dictionary" owner="BuiltIn">
<msg time="2025-06-10T16:12:18.174689" level="INFO">${estoque} = {'CPU': '1', 'RAM': '0'}</msg>
<var>${estoque}</var>
<arg>CPU=1</arg>
<arg>RAM=0</arg>
<doc>Creates and returns a dictionary based on the given ``items``.</doc>
<status status="PASS" start="2025-06-10T16:12:18.173652" elapsed="0.001037"/>
</kw>
<kw name="Montar Computador Faltando Pecas" owner="lib_robot">
<msg time="2025-06-10T16:12:18.174689" level="INFO">${resultado} = True</msg>
<var>${resultado}</var>
<arg>${estoque}</arg>
<arg>["CPU", "RAM"]</arg>
<status status="PASS" start="2025-06-10T16:12:18.174689" elapsed="0.000000"/>
</kw>
<kw name="Should Be True" owner="BuiltIn">
<arg>${resultado}</arg>
<doc>Fails if the given condition is not true.</doc>
<status status="PASS" start="2025-06-10T16:12:18.175674" elapsed="0.000000"/>
</kw>
<status status="PASS" start="2025-06-10T16:12:18.173652" elapsed="0.002022"/>
</test>
<test id="s1-s1-t18" name="Tentar Venda com Estoque Insuficiente" line="91">
<kw name="Create Dictionary" owner="BuiltIn">
<msg time="2025-06-10T16:12:18.178689" level="INFO">${estoque} = {'Monitor': '2'}</msg>
<var>${estoque}</var>
<arg>Monitor=2</arg>
<doc>Creates and returns a dictionary based on the given ``items``.</doc>
<status status="PASS" start="2025-06-10T16:12:18.177648" elapsed="0.001041"/>
</kw>
<kw name="Tentar Venda Sem Estoque" owner="lib_robot">
<msg time="2025-06-10T16:12:18.178689" level="INFO">${resultado} = True</msg>
<var>${resultado}</var>
<arg>${estoque}</arg>
<arg>Monitor</arg>
<arg>5</arg>
<status status="PASS" start="2025-06-10T16:12:18.178689" elapsed="0.000000"/>
</kw>
<kw name="Should Be True" owner="BuiltIn">
<arg>${resultado}</arg>
<doc>Fails if the given condition is not true.</doc>
<status status="PASS" start="2025-06-10T16:12:18.179671" elapsed="0.000000"/>
</kw>
<status status="PASS" start="2025-06-10T16:12:18.177648" elapsed="0.002023"/>
</test>
<test id="s1-s1-t19" name="Registrar Venda Inválida (Sem Estoque)" line="96">
<kw name="Create Dictionary" owner="BuiltIn">
<msg time="2025-06-10T16:12:18.183651" level="INFO">${estoque} = {'SSD': '1'}</msg>
<var>${estoque}</var>
<arg>SSD=1</arg>
<doc>Creates and returns a dictionary based on the given ``items``.</doc>
<status status="PASS" start="2025-06-10T16:12:18.183651" elapsed="0.000000"/>
</kw>
<kw name="Run Keyword And Expect Error" owner="BuiltIn">
<kw name="Registrar Venda" owner="lib_robot">
<msg time="2025-06-10T16:12:18.185691" level="FAIL">ValueError: Estoque insuficiente para a venda.</msg>
<arg>${estoque}</arg>
<arg>SSD</arg>
<arg>5</arg>
<status status="FAIL" start="2025-06-10T16:12:18.184652" elapsed="0.001997">ValueError: Estoque insuficiente para a venda.</status>
</kw>
<arg>*Estoque insuficiente para a venda.*</arg>
<arg>registrar_venda</arg>
<arg>${estoque}</arg>
<arg>SSD</arg>
<arg>5</arg>
<doc>Runs the keyword and checks that the expected error occurred.</doc>
<status status="PASS" start="2025-06-10T16:12:18.184652" elapsed="0.001997"/>
</kw>
<status status="PASS" start="2025-06-10T16:12:18.180648" elapsed="0.006604"/>
</test>
<status status="FAIL" start="2025-06-10T16:12:18.074144" elapsed="0.114550"/>
</suite>
<status status="FAIL" start="2025-06-10T16:12:18.035784" elapsed="0.154921"/>
</suite>
<statistics>
<total>
<stat pass="17" fail="2" skip="0">All Tests</stat>
</total>
<tag>
</tag>
<suite>
<stat name="Unitarios" id="s1" pass="17" fail="2" skip="0">Unitarios</stat>
<stat name="Testes Auxiliares" id="s1-s1" pass="17" fail="2" skip="0">Unitarios.Testes Auxiliares</stat>
</suite>
</statistics>
<errors>
</errors>
</robot>
