<?xml version="1.0" encoding="UTF-8"?>
<robot generator="Robot 7.3 (Python 3.11.5 on win32)" generated="2025-06-10T13:32:10.536457" rpa="false" schemaversion="5">
<suite id="s1" name="Testes Auxiliares" source="C:\Users\vitor\Documents\GitHub\Seminario-C214\tests\unitarios\testes_auxiliares.robot">
<test id="s1-t1" name="Validar Nome Correto" line="11">
<kw name="validar_nome">
<msg time="2025-06-10T13:32:10.607690" level="FAIL">No keyword with name 'validar_nome' found.</msg>
<var>${resultado}</var>
<arg>Produto X</arg>
<status status="FAIL" start="2025-06-10T13:32:10.607690" elapsed="0.000000">No keyword with name 'validar_nome' found.</status>
</kw>
<kw name="Should Be True" owner="BuiltIn">
<arg>${resultado}</arg>
<doc>Fails if the given condition is not true.</doc>
<status status="NOT RUN" start="2025-06-10T13:32:10.608714" elapsed="0.000000"/>
</kw>
<status status="FAIL" start="2025-06-10T13:32:10.605457" elapsed="0.003588">No keyword with name 'validar_nome' found.</status>
</test>
<test id="s1-t2" name="Validar Preço Correto" line="15">
<kw name="validar_preco">
<msg time="2025-06-10T13:32:10.614058" level="FAIL">No keyword with name 'validar_preco' found.</msg>
<var>${resultado}</var>
<arg>100.50</arg>
<status status="FAIL" start="2025-06-10T13:32:10.614058" elapsed="0.000000">No keyword with name 'validar_preco' found.</status>
</kw>
<kw name="Should Be True" owner="BuiltIn">
<arg>${resultado}</arg>
<doc>Fails if the given condition is not true.</doc>
<status status="NOT RUN" start="2025-06-10T13:32:10.614058" elapsed="0.000000"/>
</kw>
<status status="FAIL" start="2025-06-10T13:32:10.612062" elapsed="0.002996">No keyword with name 'validar_preco' found.</status>
</test>
<test id="s1-t3" name="Validar Quantidade Correta" line="19">
<kw name="validar_quantidade">
<msg time="2025-06-10T13:32:10.619055" level="FAIL">No keyword with name 'validar_quantidade' found.</msg>
<var>${resultado}</var>
<arg>5</arg>
<status status="FAIL" start="2025-06-10T13:32:10.619055" elapsed="0.000000">No keyword with name 'validar_quantidade' found.</status>
</kw>
<kw name="Should Be True" owner="BuiltIn">
<arg>${resultado}</arg>
<doc>Fails if the given condition is not true.</doc>
<status status="NOT RUN" start="2025-06-10T13:32:10.619055" elapsed="0.000000"/>
</kw>
<status status="FAIL" start="2025-06-10T13:32:10.617073" elapsed="0.001982">No keyword with name 'validar_quantidade' found.</status>
</test>
<test id="s1-t4" name="Criar Produto Válido" line="23">
<kw name="criar_produto_valido">
<msg time="2025-06-10T13:32:10.624056" level="FAIL">No keyword with name 'criar_produto_valido' found.</msg>
<var>${resultado}</var>
<arg>Produto X</arg>
<arg>Tipo A</arg>
<arg>Marca Y</arg>
<arg>Modelo 1</arg>
<arg>200.0</arg>
<arg>10</arg>
<status status="FAIL" start="2025-06-10T13:32:10.624056" elapsed="0.000000">No keyword with name 'criar_produto_valido' found.</status>
</kw>
<kw name="Should Be True" owner="BuiltIn">
<arg>${resultado}</arg>
<doc>Fails if the given condition is not true.</doc>
<status status="NOT RUN" start="2025-06-10T13:32:10.624056" elapsed="0.000000"/>
</kw>
<status status="FAIL" start="2025-06-10T13:32:10.622059" elapsed="0.003030">No keyword with name 'criar_produto_valido' found.</status>
</test>
<test id="s1-t5" name="Calcular Total Estoque" line="27">
<kw name="Create List" owner="BuiltIn">
<msg time="2025-06-10T13:32:10.629805" level="INFO">${produtos} = ['{"quantidade_estoque": 5}', '{"quantidade_estoque": 10}']</msg>
<var>${produtos}</var>
<arg>{"quantidade_estoque": 5}</arg>
<arg>{"quantidade_estoque": 10}</arg>
<doc>Returns a list containing given items.</doc>
<status status="PASS" start="2025-06-10T13:32:10.629805" elapsed="0.000000"/>
</kw>
<kw name="calcular_total_estoque">
<msg time="2025-06-10T13:32:10.631855" level="FAIL">No keyword with name 'calcular_total_estoque' found.</msg>
<var>${resultado}</var>
<arg>${produtos}</arg>
<status status="FAIL" start="2025-06-10T13:32:10.631855" elapsed="0.000000">No keyword with name 'calcular_total_estoque' found.</status>
</kw>
<kw name="Should Be Equal As Integers" owner="BuiltIn">
<arg>${resultado}</arg>
<arg>15</arg>
<doc>Fails if objects are unequal after converting them to integers.</doc>
<status status="NOT RUN" start="2025-06-10T13:32:10.631855" elapsed="0.000000"/>
</kw>
<status status="FAIL" start="2025-06-10T13:32:10.628105" elapsed="0.003750">No keyword with name 'calcular_total_estoque' found.</status>
</test>
<test id="s1-t6" name="Verificar Peças Necessárias Presentes" line="32">
<kw name="verificar_pecas_necessarias">
<msg time="2025-06-10T13:32:10.635821" level="FAIL">No keyword with name 'verificar_pecas_necessarias' found.</msg>
<var>${resultado}</var>
<arg>["CPU", "RAM", "HD"]</arg>
<arg>["CPU", "HD"]</arg>
<status status="FAIL" start="2025-06-10T13:32:10.635821" elapsed="0.000000">No keyword with name 'verificar_pecas_necessarias' found.</status>
</kw>
<kw name="Should Be True" owner="BuiltIn">
<arg>${resultado}</arg>
<doc>Fails if the given condition is not true.</doc>
<status status="NOT RUN" start="2025-06-10T13:32:10.636816" elapsed="0.000000"/>
</kw>
<status status="FAIL" start="2025-06-10T13:32:10.633820" elapsed="0.002996">No keyword with name 'verificar_pecas_necessarias' found.</status>
</test>
<test id="s1-t7" name="Montar Computador com Estoque" line="36">
<kw name="Create Dictionary" owner="BuiltIn">
<msg time="2025-06-10T13:32:10.640817" level="INFO">${estoque} = {'CPU': '1', 'RAM': '1'}</msg>
<var>${estoque}</var>
<arg>CPU=1</arg>
<arg>RAM=1</arg>
<doc>Creates and returns a dictionary based on the given ``items``.</doc>
<status status="PASS" start="2025-06-10T13:32:10.640817" elapsed="0.000000"/>
</kw>
<kw name="montar_computador">
<msg time="2025-06-10T13:32:10.643817" level="FAIL">No keyword with name 'montar_computador' found.</msg>
<var>${resultado}</var>
<arg>${estoque}</arg>
<arg>["CPU", "RAM"]</arg>
<status status="FAIL" start="2025-06-10T13:32:10.643817" elapsed="0.000000">No keyword with name 'montar_computador' found.</status>
</kw>
<kw name="Should Be True" owner="BuiltIn">
<arg>${resultado}</arg>
<doc>Fails if the given condition is not true.</doc>
<status status="NOT RUN" start="2025-06-10T13:32:10.644817" elapsed="0.000000"/>
</kw>
<status status="FAIL" start="2025-06-10T13:32:10.639818" elapsed="0.004999">No keyword with name 'montar_computador' found.</status>
</test>
<test id="s1-t8" name="Pode Realizar Venda" line="41">
<kw name="Create Dictionary" owner="BuiltIn">
<msg time="2025-06-10T13:32:10.648732" level="INFO">${estoque} = {'Mouse': '5'}</msg>
<var>${estoque}</var>
<arg>Mouse=5</arg>
<doc>Creates and returns a dictionary based on the given ``items``.</doc>
<status status="PASS" start="2025-06-10T13:32:10.648732" elapsed="0.000000"/>
</kw>
<kw name="pode_realizar_venda">
<msg time="2025-06-10T13:32:10.650781" level="FAIL">No keyword with name 'pode_realizar_venda' found.</msg>
<var>${resultado}</var>
<arg>${estoque}</arg>
<arg>Mouse</arg>
<arg>3</arg>
<status status="FAIL" start="2025-06-10T13:32:10.650781" elapsed="0.000000">No keyword with name 'pode_realizar_venda' found.</status>
</kw>
<kw name="Should Be True" owner="BuiltIn">
<arg>${resultado}</arg>
<doc>Fails if the given condition is not true.</doc>
<status status="NOT RUN" start="2025-06-10T13:32:10.650781" elapsed="0.000000"/>
</kw>
<status status="FAIL" start="2025-06-10T13:32:10.648001" elapsed="0.002780">No keyword with name 'pode_realizar_venda' found.</status>
</test>
<test id="s1-t9" name="Registrar Venda Válida" line="46">
<kw name="Create Dictionary" owner="BuiltIn">
<msg time="2025-06-10T13:32:10.653744" level="INFO">${estoque} = {'Teclado': '10'}</msg>
<var>${estoque}</var>
<arg>Teclado=10</arg>
<doc>Creates and returns a dictionary based on the given ``items``.</doc>
<status status="PASS" start="2025-06-10T13:32:10.653744" elapsed="0.000000"/>
</kw>
<kw name="registrar_venda">
<msg time="2025-06-10T13:32:10.656743" level="FAIL">No keyword with name 'registrar_venda' found.</msg>
<var>${novo_estoque}</var>
<arg>${estoque}</arg>
<arg>Teclado</arg>
<arg>3</arg>
<status status="FAIL" start="2025-06-10T13:32:10.656743" elapsed="0.000000">No keyword with name 'registrar_venda' found.</status>
</kw>
<kw name="Dictionary Should Contain Value" owner="Collections">
<arg>${novo_estoque}</arg>
<arg>7</arg>
<doc>Fails if ``value`` is not found from ``dictionary``.</doc>
<status status="NOT RUN" start="2025-06-10T13:32:10.656743" elapsed="0.000000"/>
</kw>
<status status="FAIL" start="2025-06-10T13:32:10.652744" elapsed="0.004999">No keyword with name 'registrar_venda' found.</status>
</test>
<test id="s1-t10" name="Nome Inválido Vazio" line="52">
<kw name="nome_invalido">
<msg time="2025-06-10T13:32:10.662785" level="FAIL">No keyword with name 'nome_invalido' found.</msg>
<var>${resultado}</var>
<arg>${EMPTY}</arg>
<status status="FAIL" start="2025-06-10T13:32:10.662785" elapsed="0.000000">No keyword with name 'nome_invalido' found.</status>
</kw>
<kw name="Should Be True" owner="BuiltIn">
<arg>${resultado}</arg>
<doc>Fails if the given condition is not true.</doc>
<status status="NOT RUN" start="2025-06-10T13:32:10.662785" elapsed="0.000000"/>
</kw>
<status status="FAIL" start="2025-06-10T13:32:10.660885" elapsed="0.002860">No keyword with name 'nome_invalido' found.</status>
</test>
<test id="s1-t11" name="Nome Inválido Tipo Errado" line="56">
<kw name="nome_invalido">
<msg time="2025-06-10T13:32:10.666786" level="FAIL">No keyword with name 'nome_invalido' found.</msg>
<var>${resultado}</var>
<arg>123</arg>
<status status="FAIL" start="2025-06-10T13:32:10.666786" elapsed="0.000000">No keyword with name 'nome_invalido' found.</status>
</kw>
<kw name="Should Be True" owner="BuiltIn">
<arg>${resultado}</arg>
<doc>Fails if the given condition is not true.</doc>
<status status="NOT RUN" start="2025-06-10T13:32:10.667736" elapsed="0.000000"/>
</kw>
<status status="FAIL" start="2025-06-10T13:32:10.665744" elapsed="0.002281">No keyword with name 'nome_invalido' found.</status>
</test>
<test id="s1-t12" name="Preço Inválido Negativo" line="60">
<kw name="preco_invalido">
<msg time="2025-06-10T13:32:10.672040" level="FAIL">No keyword with name 'preco_invalido' found.</msg>
<var>${resultado}</var>
<arg>-10.5</arg>
<status status="FAIL" start="2025-06-10T13:32:10.672040" elapsed="0.000000">No keyword with name 'preco_invalido' found.</status>
</kw>
<kw name="Should Be True" owner="BuiltIn">
<arg>${resultado}</arg>
<doc>Fails if the given condition is not true.</doc>
<status status="NOT RUN" start="2025-06-10T13:32:10.673043" elapsed="0.000000"/>
</kw>
<status status="FAIL" start="2025-06-10T13:32:10.670036" elapsed="0.004275">No keyword with name 'preco_invalido' found.</status>
</test>
<test id="s1-t13" name="Preço Inválido Tipo Errado" line="64">
<kw name="preco_invalido">
<msg time="2025-06-10T13:32:10.678378" level="FAIL">No keyword with name 'preco_invalido' found.</msg>
<var>${resultado}</var>
<arg>abc</arg>
<status status="FAIL" start="2025-06-10T13:32:10.678378" elapsed="0.000000">No keyword with name 'preco_invalido' found.</status>
</kw>
<kw name="Should Be True" owner="BuiltIn">
<arg>${resultado}</arg>
<doc>Fails if the given condition is not true.</doc>
<status status="NOT RUN" start="2025-06-10T13:32:10.679323" elapsed="0.000000"/>
</kw>
<status status="FAIL" start="2025-06-10T13:32:10.677323" elapsed="0.002000">No keyword with name 'preco_invalido' found.</status>
</test>
<test id="s1-t14" name="Quantidade Inválida Negativa" line="68">
<kw name="quantidade_invalida">
<msg time="2025-06-10T13:32:10.687045" level="FAIL">No keyword with name 'quantidade_invalida' found.</msg>
<var>${resultado}</var>
<arg>-1</arg>
<status status="FAIL" start="2025-06-10T13:32:10.686532" elapsed="0.000513">No keyword with name 'quantidade_invalida' found.</status>
</kw>
<kw name="Should Be True" owner="BuiltIn">
<arg>${resultado}</arg>
<doc>Fails if the given condition is not true.</doc>
<status status="NOT RUN" start="2025-06-10T13:32:10.687595" elapsed="0.000000"/>
</kw>
<status status="FAIL" start="2025-06-10T13:32:10.683272" elapsed="0.004843">No keyword with name 'quantidade_invalida' found.</status>
</test>
<test id="s1-t15" name="Quantidade Inválida Tipo Errado" line="72">
<kw name="quantidade_invalida">
<msg time="2025-06-10T13:32:10.694546" level="FAIL">No keyword with name 'quantidade_invalida' found.</msg>
<var>${resultado}</var>
<arg>Dois</arg>
<status status="FAIL" start="2025-06-10T13:32:10.694546" elapsed="0.000000">No keyword with name 'quantidade_invalida' found.</status>
</kw>
<kw name="Should Be True" owner="BuiltIn">
<arg>${resultado}</arg>
<doc>Fails if the given condition is not true.</doc>
<status status="NOT RUN" start="2025-06-10T13:32:10.695355" elapsed="0.000000"/>
</kw>
<status status="FAIL" start="2025-06-10T13:32:10.692934" elapsed="0.002824">No keyword with name 'quantidade_invalida' found.</status>
</test>
<test id="s1-t16" name="Montar Computador com Peças Faltando" line="76">
<kw name="Create Dictionary" owner="BuiltIn">
<msg time="2025-06-10T13:32:10.698036" level="INFO">${estoque} = {'CPU': '1', 'RAM': '0'}</msg>
<var>${estoque}</var>
<arg>CPU=1</arg>
<arg>RAM=0</arg>
<doc>Creates and returns a dictionary based on the given ``items``.</doc>
<status status="PASS" start="2025-06-10T13:32:10.698036" elapsed="0.000000"/>
</kw>
<kw name="montar_computador_faltando_pecas">
<msg time="2025-06-10T13:32:10.700075" level="FAIL">No keyword with name 'montar_computador_faltando_pecas' found.</msg>
<var>${resultado}</var>
<arg>${estoque}</arg>
<arg>["CPU", "RAM"]</arg>
<status status="FAIL" start="2025-06-10T13:32:10.700075" elapsed="0.000000">No keyword with name 'montar_computador_faltando_pecas' found.</status>
</kw>
<kw name="Should Be True" owner="BuiltIn">
<arg>${resultado}</arg>
<doc>Fails if the given condition is not true.</doc>
<status status="NOT RUN" start="2025-06-10T13:32:10.700075" elapsed="0.000000"/>
</kw>
<status status="FAIL" start="2025-06-10T13:32:10.697039" elapsed="0.003036">No keyword with name 'montar_computador_faltando_pecas' found.</status>
</test>
<test id="s1-t17" name="Tentar Venda com Estoque Insuficiente" line="81">
<kw name="Create Dictionary" owner="BuiltIn">
<msg time="2025-06-10T13:32:10.703037" level="INFO">${estoque} = {'Monitor': '2'}</msg>
<var>${estoque}</var>
<arg>Monitor=2</arg>
<doc>Creates and returns a dictionary based on the given ``items``.</doc>
<status status="PASS" start="2025-06-10T13:32:10.703037" elapsed="0.000000"/>
</kw>
<kw name="tentar_venda_sem_estoque">
<msg time="2025-06-10T13:32:10.706059" level="FAIL">No keyword with name 'tentar_venda_sem_estoque' found.</msg>
<var>${resultado}</var>
<arg>${estoque}</arg>
<arg>Monitor</arg>
<arg>5</arg>
<status status="FAIL" start="2025-06-10T13:32:10.706059" elapsed="0.000000">No keyword with name 'tentar_venda_sem_estoque' found.</status>
</kw>
<kw name="Should Be True" owner="BuiltIn">
<arg>${resultado}</arg>
<doc>Fails if the given condition is not true.</doc>
<status status="NOT RUN" start="2025-06-10T13:32:10.706059" elapsed="0.000000"/>
</kw>
<status status="FAIL" start="2025-06-10T13:32:10.702044" elapsed="0.004993">No keyword with name 'tentar_venda_sem_estoque' found.</status>
</test>
<test id="s1-t18" name="Registrar Venda Inválida (Sem Estoque)" line="86">
<kw name="Create Dictionary" owner="BuiltIn">
<msg time="2025-06-10T13:32:10.709038" level="INFO">${estoque} = {'SSD': '1'}</msg>
<var>${estoque}</var>
<arg>SSD=1</arg>
<doc>Creates and returns a dictionary based on the given ``items``.</doc>
<status status="PASS" start="2025-06-10T13:32:10.709038" elapsed="0.000000"/>
</kw>
<kw name="Run Keyword And Expect Error" owner="BuiltIn">
<kw name="registrar_venda">
<msg time="2025-06-10T13:32:10.711036" level="FAIL">No keyword with name 'registrar_venda' found.</msg>
<arg>${estoque}</arg>
<arg>SSD</arg>
<arg>2</arg>
<status status="FAIL" start="2025-06-10T13:32:10.711036" elapsed="0.000000">No keyword with name 'registrar_venda' found.</status>
</kw>
<arg>*</arg>
<arg>registrar_venda</arg>
<arg>${estoque}</arg>
<arg>SSD</arg>
<arg>2</arg>
<doc>Runs the keyword and checks that the expected error occurred.</doc>
<status status="PASS" start="2025-06-10T13:32:10.710037" elapsed="0.000999"/>
</kw>
<status status="PASS" start="2025-06-10T13:32:10.708037" elapsed="0.003999"/>
</test>
<test id="s1-t19" name="Verificar Peças Necessárias Ausentes" line="90">
<kw name="verificar_pecas_necessarias">
<msg time="2025-06-10T13:32:10.715035" level="FAIL">No keyword with name 'verificar_pecas_necessarias' found.</msg>
<var>${resultado}</var>
<arg>["CPU", "RAM"]</arg>
<arg>["CPU", "GPU"]</arg>
<status status="FAIL" start="2025-06-10T13:32:10.715035" elapsed="0.000000">No keyword with name 'verificar_pecas_necessarias' found.</status>
</kw>
<kw name="Should Be False">
<arg>${resultado}</arg>
<status status="NOT RUN" start="2025-06-10T13:32:10.715035" elapsed="0.000000"/>
</kw>
<status status="FAIL" start="2025-06-10T13:32:10.713035" elapsed="0.003000">No keyword with name 'verificar_pecas_necessarias' found.</status>
</test>
<test id="s1-t20" name="&quot;&quot;&quot;" line="93">
<status status="FAIL" start="2025-06-10T13:32:10.717041" elapsed="0.000000">Test cannot be empty.</status>
</test>
<status status="FAIL" start="2025-06-10T13:32:10.539459" elapsed="0.180579"/>
</suite>
<statistics>
<total>
<stat pass="1" fail="19" skip="0">All Tests</stat>
</total>
<tag>
</tag>
<suite>
<stat name="Testes Auxiliares" id="s1" pass="1" fail="19" skip="0">Testes Auxiliares</stat>
</suite>
</statistics>
<errors>
<msg time="2025-06-10T13:32:10.592454" level="ERROR">Error in file 'C:\Users\vitor\Documents\GitHub\Seminario-C214\tests\unitarios\testes_auxiliares.robot' on line 5: Importing library 'C:\Users\vitor\Documents\GitHub\Seminario-C214\tests\unitarios\lib_robot.py' failed: ModuleNotFoundError: No module named 'app'
Traceback (most recent call last):
  File "C:\Users\vitor\Documents\GitHub\Seminario-C214\tests\unitarios\lib_robot.py", line 1, in &lt;module&gt;
    from app.auxiliar import FuncoesAuxiliares
PYTHONPATH:
  C:\Users\vitor\Documents\GitHub\Seminario-C214\tests\unitarios
  C:\Users\vitor\AppData\Local\Programs\Python\Python311\Scripts\robot.exe
  C:\Users\vitor\Documents\GitHub\Seminario-C214\tests\unitarios\ robot testes_auxiliares.robot
  C:\Users\vitor\AppData\Local\Programs\Python\Python311\python311.zip
  C:\Users\vitor\AppData\Local\Programs\Python\Python311\DLLs
  C:\Users\vitor\AppData\Local\Programs\Python\Python311\Lib
  C:\Users\vitor\AppData\Local\Programs\Python\Python311
  C:\Users\vitor\AppData\Local\Programs\Python\Python311\Lib\site-packages
  C:\Users\vitor\AppData\Local\Programs\Python\Python311\Lib\site-packages\win32
  C:\Users\vitor\AppData\Local\Programs\Python\Python311\Lib\site-packages\win32\lib
  C:\Users\vitor\AppData\Local\Programs\Python\Python311\Lib\site-packages\Pythonwin</msg>
</errors>
</robot>
